<?xml version="1.0" encoding="UTF-8"?>
<!-- Generated by org.testng.reporters.JUnitXMLReporter -->
<testsuite hostname="MUNO112173-11" ignored="0" name="TC_SelectOneOption_Chrome" tests="1" failures="1" timestamp="2020-08-24T11:04:12 COT" time="9.886" errors="0">
  <testcase name="selectOptionOneTest" time="1.978" classname="dropdownpagetests.DropdownTests">
    <failure type="java.lang.AssertionError" message="Option 1 not selected! expected [true] but found [false]">
      <![CDATA[java.lang.AssertionError: Option 1 not selected! expected [true] but found [false]
at dropdownpagetests.DropdownTests.selectOptionOneTest(DropdownTests.java:21)
at java.util.ArrayList.forEach(ArrayList.java:1257)
... Removed 30 stack frames]]>
    </failure>
  </testcase> <!-- selectOptionOneTest -->
</testsuite> <!-- TC_SelectOneOption_Chrome -->
