<?xml version="1.0" encoding="UTF-8"?>
<!-- Generated by org.testng.reporters.JUnitXMLReporter -->
<testsuite hostname="MUNO112173-11" ignored="0" name="TC_SelectTwoCheckboxes_Chrome" tests="1" failures="1" timestamp="2020-08-23T21:24:27 COT" time="25.159" errors="0">
  <testcase name="selectingTwoCheckboxesTest" time="17.153" classname="checkboxespagetests.CheckboxesTests">
    <failure type="java.lang.AssertionError" message="Not all checkboxes are selected! expected [true] but found [false]">
      <![CDATA[java.lang.AssertionError: Not all checkboxes are selected! expected [true] but found [false]
at checkboxespagetests.CheckboxesTests.selectingTwoCheckboxesTest(CheckboxesTests.java:22)
at java.util.ArrayList.forEach(ArrayList.java:1257)
... Removed 30 stack frames]]>
    </failure>
  </testcase> <!-- selectingTwoCheckboxesTest -->
</testsuite> <!-- TC_SelectTwoCheckboxes_Chrome -->
